<?xml version="1.0" encoding="UTF-8"?>
<testng-results ignored="0" total="1" passed="1" failed="0" skipped="0">
  <reporter-output>
  </reporter-output>
  <suite started-at="2023-03-31T01:34:17 CDT" name="Default suite" finished-at="2023-03-31T01:34:43 CDT" duration-ms="25835">
    <groups>
      <group name="SmokeTest">
        <method signature="Timesheet.Timesheet()[pri:0, instance:com.main.Timesheet@1623b78d]" name="Timesheet" class="com.main.Timesheet"/>
      </group> <!-- SmokeTest -->
    </groups>
    <test started-at="2023-03-31T01:34:17 CDT" name="Default test" finished-at="2023-03-31T01:34:43 CDT" duration-ms="25835">
      <class name="com.main.Timesheet">
        <test-method is-config="true" signature="beforeSuite()[pri:0, instance:com.main.Timesheet@1623b78d]" started-at="2023-03-31T01:34:17 CDT" name="beforeSuite" finished-at="2023-03-31T01:34:17 CDT" duration-ms="6" status="PASS">
          <reporter-output>
          </reporter-output>
        </test-method> <!-- beforeSuite -->
        <test-method is-config="true" signature="beforeTest()[pri:0, instance:com.main.Timesheet@1623b78d]" started-at="2023-03-31T01:34:17 CDT" name="beforeTest" finished-at="2023-03-31T01:34:17 CDT" duration-ms="1" status="PASS">
          <reporter-output>
          </reporter-output>
        </test-method> <!-- beforeTest -->
        <test-method is-config="true" signature="beforeClass()[pri:0, instance:com.main.Timesheet@1623b78d]" started-at="2023-03-31T01:34:17 CDT" name="beforeClass" finished-at="2023-03-31T01:34:22 CDT" duration-ms="5286" status="PASS">
          <reporter-output>
          </reporter-output>
        </test-method> <!-- beforeClass -->
        <test-method is-config="true" signature="beforeMethod()[pri:0, instance:com.main.Timesheet@1623b78d]" started-at="2023-03-31T01:34:22 CDT" name="beforeMethod" finished-at="2023-03-31T01:34:35 CDT" duration-ms="12272" status="PASS">
          <reporter-output>
          </reporter-output>
        </test-method> <!-- beforeMethod -->
        <test-method signature="Timesheet()[pri:0, instance:com.main.Timesheet@1623b78d]" started-at="2023-03-31T01:34:35 CDT" name="Timesheet" finished-at="2023-03-31T01:34:43 CDT" duration-ms="8229" status="PASS">
          <reporter-output>
          </reporter-output>
        </test-method> <!-- Timesheet -->
        <test-method is-config="true" signature="afterMethod()[pri:0, instance:com.main.Timesheet@1623b78d]" started-at="2023-03-31T01:34:43 CDT" name="afterMethod" finished-at="2023-03-31T01:34:43 CDT" duration-ms="0" status="PASS">
          <reporter-output>
          </reporter-output>
        </test-method> <!-- afterMethod -->
        <test-method is-config="true" signature="afterClass()[pri:0, instance:com.main.Timesheet@1623b78d]" started-at="2023-03-31T01:34:43 CDT" name="afterClass" finished-at="2023-03-31T01:34:43 CDT" duration-ms="1" status="PASS">
          <reporter-output>
          </reporter-output>
        </test-method> <!-- afterClass -->
        <test-method is-config="true" signature="afterTest()[pri:0, instance:com.main.Timesheet@1623b78d]" started-at="2023-03-31T01:34:43 CDT" name="afterTest" finished-at="2023-03-31T01:34:43 CDT" duration-ms="0" status="PASS">
          <reporter-output>
          </reporter-output>
        </test-method> <!-- afterTest -->
        <test-method is-config="true" signature="afterSuite()[pri:0, instance:com.main.Timesheet@1623b78d]" started-at="2023-03-31T01:34:43 CDT" name="afterSuite" finished-at="2023-03-31T01:34:43 CDT" duration-ms="0" status="PASS">
          <reporter-output>
          </reporter-output>
        </test-method> <!-- afterSuite -->
      </class> <!-- com.main.Timesheet -->
    </test> <!-- Default test -->
  </suite> <!-- Default suite -->
</testng-results>
